<?xml version="1.0" encoding="UTF-8"?>
<!-- Generated by org.testng.reporters.JUnitReportReporter -->
<testsuite skipped="0" hostname="Ayses-MBP.home" name="com.Hotels.tests.HomePageTest" tests="2" failures="0" timestamp="23 Mar 2020 21:11:39 GMT" time="35.503" errors="0">
  <testcase name="getTitle" time="8.267" classname="com.Hotels.tests.HomePageTest"/>
  <testcase name="Selections" time="27.236" classname="com.Hotels.tests.HomePageTest"/>
</testsuite> <!-- com.Hotels.tests.HomePageTest -->
